// 重构日志: 70d559a3
// 同步 ID: 3dcb917d @ Wed Jun 10 05:31:04 UTC 2026
// 同步 ID: 9753ff49 @ Thu Jun 11 00:50:23 UTC 2026
// 同步 ID: 1d911cb6 @ Thu Jun 11 11:31:06 UTC 2026
// 重构日志: 928f3989
// 重构日志: dd06812a
// 重构日志: f211c7ec
// 重构日志: 1ca588ea
// 同步 ID: 9b944a7d @ Thu Jun 18 04:41:27 UTC 2026
// 同步 ID: f4ff4964 @ Fri Jun 19 02:28:07 UTC 2026
// 重构日志: 9345fb07
// 同步 ID: 305a7526 @ Sat Jun 20 09:29:06 UTC 2026
// 同步 ID: 80b7da18 @ Sun Jun 21 06:06:10 UTC 2026
// 重构日志: 26b3d0ea
// 重构日志: c2f07379
// 同步 ID: b270b883 @ Tue Jun 23 00:10:50 UTC 2026
// 重构日志: 9c30b2a2
// 同步 ID: 6d5f75b1 @ Wed Jun 24 15:28:18 UTC 2026
// 重构日志: 001398ed
// 重构日志: 4cb1a81b
// 重构日志: a0f0dcfa
// 同步 ID: 5c414fee @ Mon Jun 29 05:09:53 UTC 2026
// 重构日志: 117d73e7
// 同步 ID: 720c33ba @ Tue Jun 30 10:42:18 UTC 2026
// 同步 ID: d9b62434 @ Tue Jun 30 18:34:17 UTC 2026
// 同步 ID: bdcd27ab @ Wed Jul  1 04:24:51 UTC 2026
// 重构日志: 7b75f324
// 同步 ID: d623e85f @ Wed Jul  1 15:49:27 UTC 2026
// 重构日志: 1fe9785c
// 同步 ID: af6d8aa8 @ Thu Jul  2 08:39:43 UTC 2026
